{"contracts\\governance\\RateGovernor.sol":{"l":{"35":2,"39":0,"43":0,"47":0,"48":0,"56":3,"58":3,"59":3,"60":0,"63":3,"64":3,"72":3,"76":1,"77":1,"78":1,"79":1,"83":4,"84":4,"85":3,"87":2,"88":2,"90":2},"path":"D:\\Downloads\\mini-defi-main\\mini-defi-main\\contracts\\governance\\RateGovernor.sol","s":{"1":0,"2":0,"3":0,"4":3,"5":3,"6":3,"7":3,"8":3,"9":1,"10":1,"11":1,"12":4,"13":4,"14":3,"15":2,"16":2},"b":{"1":[0,0],"2":[3,0],"3":[0,3],"4":[0,3],"5":[1,0],"6":[0,1],"7":[0,0],"8":[1,3],"9":[0,1],"10":[1,2]},"f":{"1":2,"2":0,"3":0,"4":0,"5":3,"6":1,"7":4},"fnMap":{"1":{"name":"constructor","line":34,"loc":{"start":{"line":34,"column":4},"end":{"line":36,"column":4}}},"2":{"name":"proposalCount","line":38,"loc":{"start":{"line":38,"column":4},"end":{"line":40,"column":4}}},"3":{"name":"getProposal","line":42,"loc":{"start":{"line":42,"column":4},"end":{"line":44,"column":4}}},"4":{"name":"setMinDelay","line":46,"loc":{"start":{"line":46,"column":4},"end":{"line":49,"column":4}}},"5":{"name":"queueUpdate","line":53,"loc":{"start":{"line":51,"column":4},"end":{"line":73,"column":4}}},"6":{"name":"cancel","line":75,"loc":{"start":{"line":75,"column":4},"end":{"line":80,"column":4}}},"7":{"name":"execute","line":82,"loc":{"start":{"line":82,"column":4},"end":{"line":91,"column":4}}}},"statementMap":{"1":{"start":{"line":39,"column":8},"end":{"line":39,"column":32}},"2":{"start":{"line":43,"column":8},"end":{"line":43,"column":37}},"3":{"start":{"line":47,"column":8},"end":{"line":47,"column":48}},"4":{"start":{"line":56,"column":8},"end":{"line":56,"column":56}},"5":{"start":{"line":58,"column":8},"end":{"line":58,"column":53}},"6":{"start":{"line":59,"column":8},"end":{"line":59,"column":2047}},"7":{"start":{"line":64,"column":8},"end":{"line":64,"column":2181}},"8":{"start":{"line":72,"column":8},"end":{"line":72,"column":65}},"9":{"start":{"line":76,"column":8},"end":{"line":76,"column":58}},"10":{"start":{"line":77,"column":8},"end":{"line":77,"column":76}},"11":{"start":{"line":79,"column":8},"end":{"line":79,"column":40}},"12":{"start":{"line":83,"column":8},"end":{"line":83,"column":58}},"13":{"start":{"line":84,"column":8},"end":{"line":84,"column":76}},"14":{"start":{"line":85,"column":8},"end":{"line":85,"column":70}},"15":{"start":{"line":88,"column":4},"end":{"line":88,"column":55}},"16":{"start":{"line":90,"column":8},"end":{"line":90,"column":39}}},"branchMap":{"1":{"line":46,"type":"if","locations":[{"start":{"line":46,"column":52},"end":{"line":46,"column":52}},{"start":{"line":46,"column":52},"end":{"line":46,"column":52}}]},"2":{"line":53,"type":"if","locations":[{"start":{"line":53,"column":8},"end":{"line":53,"column":8}},{"start":{"line":53,"column":8},"end":{"line":53,"column":8}}]},"3":{"line":56,"type":"if","locations":[{"start":{"line":56,"column":8},"end":{"line":56,"column":8}},{"start":{"line":56,"column":8},"end":{"line":56,"column":8}}]},"4":{"line":59,"type":"if","locations":[{"start":{"line":59,"column":8},"end":{"line":59,"column":8}},{"start":{"line":59,"column":8},"end":{"line":59,"column":8}}]},"5":{"line":75,"type":"if","locations":[{"start":{"line":75,"column":49},"end":{"line":75,"column":49}},{"start":{"line":75,"column":49},"end":{"line":75,"column":49}}]},"6":{"line":77,"type":"if","locations":[{"start":{"line":77,"column":8},"end":{"line":77,"column":8}},{"start":{"line":77,"column":8},"end":{"line":77,"column":8}}]},"7":{"line":77,"type":"cond-expr","locations":[{"start":{"line":77,"column":12},"end":{"line":77,"column":28}},{"start":{"line":77,"column":33},"end":{"line":77,"column":50}}]},"8":{"line":84,"type":"if","locations":[{"start":{"line":84,"column":8},"end":{"line":84,"column":8}},{"start":{"line":84,"column":8},"end":{"line":84,"column":8}}]},"9":{"line":84,"type":"cond-expr","locations":[{"start":{"line":84,"column":12},"end":{"line":84,"column":28}},{"start":{"line":84,"column":33},"end":{"line":84,"column":50}}]},"10":{"line":85,"type":"if","locations":[{"start":{"line":85,"column":8},"end":{"line":85,"column":8}},{"start":{"line":85,"column":8},"end":{"line":85,"column":8}}]}}},"contracts\\interest\\ExponentialInterestRateModel.sol":{"l":{"20":1,"24":4,"27":4,"28":4,"29":4,"30":4,"36":4,"40":5,"41":4,"42":3,"44":2,"45":2,"46":2,"48":2,"58":4,"60":4,"61":4,"63":4,"64":4,"66":4,"67":4,"69":4,"70":4,"72":4,"73":4,"75":4,"76":4,"78":4},"path":"D:\\Downloads\\mini-defi-main\\mini-defi-main\\contracts\\interest\\ExponentialInterestRateModel.sol","s":{"1":1,"2":4,"3":4,"4":4,"5":4,"6":4,"7":4,"8":5,"9":4,"10":3,"11":2,"12":4,"13":4,"14":4,"15":4},"b":{"1":[1,3],"2":[4,1],"3":[4,1],"4":[3,1],"5":[2,1],"6":[4,0]},"f":{"1":1,"2":4,"3":0,"4":4,"5":5,"6":4},"fnMap":{"1":{"name":"constructor","line":18,"loc":{"start":{"line":17,"column":4},"end":{"line":21,"column":4}}},"2":{"name":"getBorrowRatePerSecond","line":23,"loc":{"start":{"line":23,"column":4},"end":{"line":31,"column":4}}},"3":{"name":"updateBorrowRate","line":33,"loc":{"start":{"line":33,"column":4},"end":{"line":33,"column":63}}},"4":{"name":"setParams","line":35,"loc":{"start":{"line":35,"column":4},"end":{"line":37,"column":4}}},"5":{"name":"_setParams","line":39,"loc":{"start":{"line":39,"column":4},"end":{"line":49,"column":4}}},"6":{"name":"exp1e18","line":57,"loc":{"start":{"line":57,"column":4},"end":{"line":79,"column":4}}}},"statementMap":{"1":{"start":{"line":20,"column":8},"end":{"line":20,"column":61}},"2":{"start":{"line":24,"column":8},"end":{"line":24,"column":50}},"3":{"start":{"line":27,"column":8},"end":{"line":27,"column":64}},"4":{"start":{"line":28,"column":8},"end":{"line":28,"column":52}},"5":{"start":{"line":29,"column":8},"end":{"line":29,"column":75}},"6":{"start":{"line":30,"column":8},"end":{"line":30,"column":37}},"7":{"start":{"line":36,"column":8},"end":{"line":36,"column":61}},"8":{"start":{"line":40,"column":8},"end":{"line":40,"column":49}},"9":{"start":{"line":41,"column":8},"end":{"line":41,"column":58}},"10":{"start":{"line":42,"column":8},"end":{"line":42,"column":55}},"11":{"start":{"line":48,"column":8},"end":{"line":48,"column":70}},"12":{"start":{"line":58,"column":8},"end":{"line":58,"column":41}},"13":{"start":{"line":60,"column":8},"end":{"line":60,"column":25}},"14":{"start":{"line":61,"column":8},"end":{"line":61,"column":26}},"15":{"start":{"line":78,"column":8},"end":{"line":78,"column":18}}},"branchMap":{"1":{"line":24,"type":"if","locations":[{"start":{"line":24,"column":8},"end":{"line":24,"column":8}},{"start":{"line":24,"column":8},"end":{"line":24,"column":8}}]},"2":{"line":35,"type":"if","locations":[{"start":{"line":35,"column":100},"end":{"line":35,"column":100}},{"start":{"line":35,"column":100},"end":{"line":35,"column":100}}]},"3":{"line":40,"type":"if","locations":[{"start":{"line":40,"column":8},"end":{"line":40,"column":8}},{"start":{"line":40,"column":8},"end":{"line":40,"column":8}}]},"4":{"line":41,"type":"if","locations":[{"start":{"line":41,"column":8},"end":{"line":41,"column":8}},{"start":{"line":41,"column":8},"end":{"line":41,"column":8}}]},"5":{"line":42,"type":"if","locations":[{"start":{"line":42,"column":8},"end":{"line":42,"column":8}},{"start":{"line":42,"column":8},"end":{"line":42,"column":8}}]},"6":{"line":58,"type":"if","locations":[{"start":{"line":58,"column":8},"end":{"line":58,"column":8}},{"start":{"line":58,"column":8},"end":{"line":58,"column":8}}]}}},"contracts\\interest\\KinkInterestRateModel.sol":{"l":{"25":1,"29":5,"31":5,"32":5,"33":2,"35":3,"36":3,"37":3,"39":5,"50":1,"59":2,"60":2,"61":2,"62":2,"64":2,"65":2,"66":2,"67":2,"69":2},"path":"D:\\Downloads\\mini-defi-main\\mini-defi-main\\contracts\\interest\\KinkInterestRateModel.sol","s":{"1":1,"2":5,"3":5,"4":5,"5":3,"6":3,"7":5,"8":1,"9":2,"10":2,"11":2,"12":2,"13":2},"b":{"1":[1,4],"2":[2,3],"3":[1,1],"4":[2,0],"5":[2,0],"6":[2,0],"7":[2,0]},"f":{"1":1,"2":5,"3":0,"4":1,"5":2},"fnMap":{"1":{"name":"constructor","line":24,"loc":{"start":{"line":18,"column":4},"end":{"line":26,"column":4}}},"2":{"name":"getBorrowRatePerSecond","line":28,"loc":{"start":{"line":28,"column":4},"end":{"line":40,"column":4}}},"3":{"name":"updateBorrowRate","line":42,"loc":{"start":{"line":42,"column":4},"end":{"line":42,"column":63}}},"4":{"name":"setParams","line":49,"loc":{"start":{"line":44,"column":4},"end":{"line":51,"column":4}}},"5":{"name":"_setParams","line":53,"loc":{"start":{"line":53,"column":4},"end":{"line":70,"column":4}}}},"statementMap":{"1":{"start":{"line":25,"column":8},"end":{"line":25,"column":63}},"2":{"start":{"line":29,"column":8},"end":{"line":29,"column":50}},"3":{"start":{"line":31,"column":8},"end":{"line":31,"column":19}},"4":{"start":{"line":32,"column":8},"end":{"line":32,"column":1132}},"5":{"start":{"line":35,"column":12},"end":{"line":35,"column":64}},"6":{"start":{"line":36,"column":12},"end":{"line":36,"column":71}},"7":{"start":{"line":39,"column":8},"end":{"line":39,"column":37}},"8":{"start":{"line":50,"column":8},"end":{"line":50,"column":63}},"9":{"start":{"line":59,"column":8},"end":{"line":59,"column":46}},"10":{"start":{"line":60,"column":8},"end":{"line":60,"column":49}},"11":{"start":{"line":61,"column":8},"end":{"line":61,"column":55}},"12":{"start":{"line":62,"column":8},"end":{"line":62,"column":57}},"13":{"start":{"line":69,"column":8},"end":{"line":69,"column":72}}},"branchMap":{"1":{"line":29,"type":"if","locations":[{"start":{"line":29,"column":8},"end":{"line":29,"column":8}},{"start":{"line":29,"column":8},"end":{"line":29,"column":8}}]},"2":{"line":32,"type":"if","locations":[{"start":{"line":32,"column":8},"end":{"line":32,"column":8}},{"start":{"line":32,"column":8},"end":{"line":32,"column":8}}]},"3":{"line":49,"type":"if","locations":[{"start":{"line":49,"column":15},"end":{"line":49,"column":15}},{"start":{"line":49,"column":15},"end":{"line":49,"column":15}}]},"4":{"line":59,"type":"if","locations":[{"start":{"line":59,"column":8},"end":{"line":59,"column":8}},{"start":{"line":59,"column":8},"end":{"line":59,"column":8}}]},"5":{"line":60,"type":"if","locations":[{"start":{"line":60,"column":8},"end":{"line":60,"column":8}},{"start":{"line":60,"column":8},"end":{"line":60,"column":8}}]},"6":{"line":61,"type":"if","locations":[{"start":{"line":61,"column":8},"end":{"line":61,"column":8}},{"start":{"line":61,"column":8},"end":{"line":61,"column":8}}]},"7":{"line":62,"type":"if","locations":[{"start":{"line":62,"column":8},"end":{"line":62,"column":8}},{"start":{"line":62,"column":8},"end":{"line":62,"column":8}}]}}},"contracts\\interest\\LinearInterestRateModel.sol":{"l":{"17":3,"21":3,"22":3,"23":3,"29":2,"33":5,"34":5,"35":5,"36":5,"37":5},"path":"D:\\Downloads\\mini-defi-main\\mini-defi-main\\contracts\\interest\\LinearInterestRateModel.sol","s":{"1":3,"2":3,"3":3,"4":3,"5":2,"6":5,"7":5,"8":5},"b":{"1":[0,3],"2":[2,0],"3":[5,0],"4":[5,0]},"f":{"1":3,"2":3,"3":0,"4":2,"5":5},"fnMap":{"1":{"name":"constructor","line":16,"loc":{"start":{"line":16,"column":4},"end":{"line":18,"column":4}}},"2":{"name":"getBorrowRatePerSecond","line":20,"loc":{"start":{"line":20,"column":4},"end":{"line":24,"column":4}}},"3":{"name":"updateBorrowRate","line":26,"loc":{"start":{"line":26,"column":4},"end":{"line":26,"column":63}}},"4":{"name":"setAPR","line":28,"loc":{"start":{"line":28,"column":4},"end":{"line":30,"column":4}}},"5":{"name":"_setAPR","line":32,"loc":{"start":{"line":32,"column":4},"end":{"line":38,"column":4}}}},"statementMap":{"1":{"start":{"line":17,"column":8},"end":{"line":17,"column":35}},"2":{"start":{"line":21,"column":8},"end":{"line":21,"column":50}},"3":{"start":{"line":22,"column":8},"end":{"line":22,"column":63}},"4":{"start":{"line":23,"column":8},"end":{"line":23,"column":37}},"5":{"start":{"line":29,"column":8},"end":{"line":29,"column":35}},"6":{"start":{"line":33,"column":8},"end":{"line":33,"column":49}},"7":{"start":{"line":34,"column":8},"end":{"line":34,"column":51}},"8":{"start":{"line":35,"column":8},"end":{"line":35,"column":63}}},"branchMap":{"1":{"line":21,"type":"if","locations":[{"start":{"line":21,"column":8},"end":{"line":21,"column":8}},{"start":{"line":21,"column":8},"end":{"line":21,"column":8}}]},"2":{"line":28,"type":"if","locations":[{"start":{"line":28,"column":66},"end":{"line":28,"column":66}},{"start":{"line":28,"column":66},"end":{"line":28,"column":66}}]},"3":{"line":33,"type":"if","locations":[{"start":{"line":33,"column":8},"end":{"line":33,"column":8}},{"start":{"line":33,"column":8},"end":{"line":33,"column":8}}]},"4":{"line":34,"type":"if","locations":[{"start":{"line":34,"column":8},"end":{"line":34,"column":8}},{"start":{"line":34,"column":8},"end":{"line":34,"column":8}}]}}},"contracts\\interest\\TimeWeightedInterestRateModel.sol":{"l":{"52":2,"60":2,"61":2,"66":1,"67":1,"68":1,"69":1,"70":1,"74":0,"75":0,"79":6,"80":6,"82":0,"83":0,"94":1,"104":1,"105":1,"109":0,"110":0,"111":0,"113":0,"115":0,"116":0,"117":0,"118":0,"119":0,"121":0,"122":0,"123":0,"124":0,"125":0,"127":0,"130":0,"131":0,"132":0,"133":0,"134":0,"136":0,"137":0,"138":0,"139":0,"143":0,"144":0,"146":0,"147":0,"148":0,"159":3,"160":3,"161":3,"162":3,"163":0,"166":3,"167":3,"168":3,"169":3,"170":3,"171":3,"173":3},"path":"D:\\Downloads\\mini-defi-main\\mini-defi-main\\contracts\\interest\\TimeWeightedInterestRateModel.sol","s":{"1":2,"2":1,"3":1,"4":1,"5":0,"6":0,"7":0,"8":6,"9":6,"10":0,"11":0,"12":1,"13":1,"14":1,"15":0,"16":0,"17":0,"18":0,"19":0,"20":0,"21":0,"22":0,"23":0,"24":0,"25":0,"26":0,"27":0,"28":0,"29":0,"30":0,"31":0,"32":0,"33":0,"34":0,"35":0,"36":0,"37":0,"38":0,"39":0,"40":3,"41":3,"42":3,"43":3,"44":3},"b":{"1":[0,1],"2":[1,0],"3":[0,0],"4":[0,6],"5":[6,0],"6":[1,1],"7":[0,1],"8":[0,1],"9":[0,0],"10":[0,0],"11":[0,0],"12":[0,0],"13":[0,0],"14":[0,0],"15":[0,0],"16":[0,0],"17":[0,0],"18":[0,0],"19":[0,0],"20":[0,3],"21":[0,3],"22":[0,0],"23":[0,3],"24":[0,0],"25":[0,3],"26":[0,0]},"f":{"1":2,"2":1,"3":0,"4":6,"5":1,"6":0,"7":3},"fnMap":{"1":{"name":"constructor","line":51,"loc":{"start":{"line":43,"column":4},"end":{"line":62,"column":4}}},"2":{"name":"setPool","line":65,"loc":{"start":{"line":65,"column":4},"end":{"line":71,"column":4}}},"3":{"name":"getBorrowRatePerSecond","line":73,"loc":{"start":{"line":73,"column":4},"end":{"line":76,"column":4}}},"4":{"name":"updateBorrowRate","line":78,"loc":{"start":{"line":78,"column":4},"end":{"line":84,"column":4}}},"5":{"name":"setParameters","line":93,"loc":{"start":{"line":86,"column":4},"end":{"line":106,"column":4}}},"6":{"name":"_adjust","line":108,"loc":{"start":{"line":108,"column":4},"end":{"line":149,"column":4}}},"7":{"name":"_setParameters","line":151,"loc":{"start":{"line":151,"column":4},"end":{"line":181,"column":4}}}},"statementMap":{"1":{"start":{"line":52,"column":8},"end":{"line":52,"column":2231}},"2":{"start":{"line":66,"column":8},"end":{"line":66,"column":55}},"3":{"start":{"line":67,"column":8},"end":{"line":67,"column":48}},"4":{"start":{"line":70,"column":8},"end":{"line":70,"column":34}},"5":{"start":{"line":74,"column":8},"end":{"line":74,"column":37}},"6":{"start":{"line":74,"column":29},"end":{"line":74,"column":37}},"7":{"start":{"line":75,"column":8},"end":{"line":75,"column":44}},"8":{"start":{"line":79,"column":8},"end":{"line":79,"column":58}},"9":{"start":{"line":80,"column":8},"end":{"line":80,"column":60}},"10":{"start":{"line":82,"column":8},"end":{"line":82,"column":59}},"11":{"start":{"line":83,"column":8},"end":{"line":83,"column":20}},"12":{"start":{"line":94,"column":8},"end":{"line":94,"column":3590}},"13":{"start":{"line":104,"column":8},"end":{"line":104,"column":52}},"14":{"start":{"line":105,"column":8},"end":{"line":105,"column":52}},"15":{"start":{"line":109,"column":8},"end":{"line":109,"column":43}},"16":{"start":{"line":110,"column":8},"end":{"line":110,"column":58}},"17":{"start":{"line":111,"column":8},"end":{"line":111,"column":32}},"18":{"start":{"line":111,"column":26},"end":{"line":111,"column":32}},"19":{"start":{"line":113,"column":8},"end":{"line":113,"column":32}},"20":{"start":{"line":115,"column":8},"end":{"line":115,"column":4218}},"21":{"start":{"line":116,"column":12},"end":{"line":116,"column":62}},"22":{"start":{"line":117,"column":12},"end":{"line":117,"column":71}},"23":{"start":{"line":118,"column":12},"end":{"line":118,"column":42}},"24":{"start":{"line":120,"column":15},"end":{"line":120,"column":4483}},"25":{"start":{"line":121,"column":12},"end":{"line":121,"column":60}},"26":{"start":{"line":122,"column":12},"end":{"line":122,"column":69}},"27":{"start":{"line":123,"column":12},"end":{"line":123,"column":42}},"28":{"start":{"line":124,"column":12},"end":{"line":124,"column":4718}},"29":{"start":{"line":130,"column":12},"end":{"line":130,"column":4892}},"30":{"start":{"line":131,"column":16},"end":{"line":131,"column":47}},"31":{"start":{"line":132,"column":16},"end":{"line":132,"column":71}},"32":{"start":{"line":133,"column":16},"end":{"line":133,"column":46}},"33":{"start":{"line":135,"column":19},"end":{"line":135,"column":5140}},"34":{"start":{"line":136,"column":16},"end":{"line":136,"column":47}},"35":{"start":{"line":137,"column":16},"end":{"line":137,"column":71}},"36":{"start":{"line":138,"column":16},"end":{"line":138,"column":46}},"37":{"start":{"line":143,"column":8},"end":{"line":143,"column":38}},"38":{"start":{"line":144,"column":8},"end":{"line":144,"column":38}},"39":{"start":{"line":148,"column":8},"end":{"line":148,"column":60}},"40":{"start":{"line":159,"column":8},"end":{"line":159,"column":53}},"41":{"start":{"line":160,"column":8},"end":{"line":160,"column":82}},"42":{"start":{"line":161,"column":8},"end":{"line":161,"column":101}},"43":{"start":{"line":162,"column":8},"end":{"line":162,"column":6112}},"44":{"start":{"line":173,"column":8},"end":{"line":173,"column":6513}}},"branchMap":{"1":{"line":66,"type":"if","locations":[{"start":{"line":66,"column":8},"end":{"line":66,"column":8}},{"start":{"line":66,"column":8},"end":{"line":66,"column":8}}]},"2":{"line":67,"type":"if","locations":[{"start":{"line":67,"column":8},"end":{"line":67,"column":8}},{"start":{"line":67,"column":8},"end":{"line":67,"column":8}}]},"3":{"line":74,"type":"if","locations":[{"start":{"line":74,"column":8},"end":{"line":74,"column":8}},{"start":{"line":74,"column":8},"end":{"line":74,"column":8}}]},"4":{"line":79,"type":"if","locations":[{"start":{"line":79,"column":8},"end":{"line":79,"column":8}},{"start":{"line":79,"column":8},"end":{"line":79,"column":8}}]},"5":{"line":80,"type":"if","locations":[{"start":{"line":80,"column":8},"end":{"line":80,"column":8}},{"start":{"line":80,"column":8},"end":{"line":80,"column":8}}]},"6":{"line":93,"type":"if","locations":[{"start":{"line":93,"column":15},"end":{"line":93,"column":15}},{"start":{"line":93,"column":15},"end":{"line":93,"column":15}}]},"7":{"line":104,"type":"if","locations":[{"start":{"line":104,"column":8},"end":{"line":104,"column":8}},{"start":{"line":104,"column":8},"end":{"line":104,"column":8}}]},"8":{"line":105,"type":"if","locations":[{"start":{"line":105,"column":8},"end":{"line":105,"column":8}},{"start":{"line":105,"column":8},"end":{"line":105,"column":8}}]},"9":{"line":111,"type":"if","locations":[{"start":{"line":111,"column":8},"end":{"line":111,"column":8}},{"start":{"line":111,"column":8},"end":{"line":111,"column":8}}]},"10":{"line":115,"type":"if","locations":[{"start":{"line":115,"column":8},"end":{"line":115,"column":8}},{"start":{"line":115,"column":8},"end":{"line":115,"column":8}}]},"11":{"line":120,"type":"if","locations":[{"start":{"line":120,"column":15},"end":{"line":120,"column":15}},{"start":{"line":120,"column":15},"end":{"line":120,"column":15}}]},"12":{"line":124,"type":"if","locations":[{"start":{"line":124,"column":12},"end":{"line":124,"column":12}},{"start":{"line":124,"column":12},"end":{"line":124,"column":12}}]},"13":{"line":124,"type":"cond-expr","locations":[{"start":{"line":124,"column":16},"end":{"line":124,"column":27}},{"start":{"line":124,"column":32},"end":{"line":124,"column":51}}]},"14":{"line":130,"type":"if","locations":[{"start":{"line":130,"column":12},"end":{"line":130,"column":12}},{"start":{"line":130,"column":12},"end":{"line":130,"column":12}}]},"15":{"line":133,"type":"if","locations":[{"start":{"line":133,"column":16},"end":{"line":133,"column":16}},{"start":{"line":133,"column":16},"end":{"line":133,"column":16}}]},"16":{"line":135,"type":"if","locations":[{"start":{"line":135,"column":19},"end":{"line":135,"column":19}},{"start":{"line":135,"column":19},"end":{"line":135,"column":19}}]},"17":{"line":138,"type":"if","locations":[{"start":{"line":138,"column":16},"end":{"line":138,"column":16}},{"start":{"line":138,"column":16},"end":{"line":138,"column":16}}]},"18":{"line":143,"type":"if","locations":[{"start":{"line":143,"column":8},"end":{"line":143,"column":8}},{"start":{"line":143,"column":8},"end":{"line":143,"column":8}}]},"19":{"line":144,"type":"if","locations":[{"start":{"line":144,"column":8},"end":{"line":144,"column":8}},{"start":{"line":144,"column":8},"end":{"line":144,"column":8}}]},"20":{"line":159,"type":"if","locations":[{"start":{"line":159,"column":8},"end":{"line":159,"column":8}},{"start":{"line":159,"column":8},"end":{"line":159,"column":8}}]},"21":{"line":160,"type":"if","locations":[{"start":{"line":160,"column":8},"end":{"line":160,"column":8}},{"start":{"line":160,"column":8},"end":{"line":160,"column":8}}]},"22":{"line":160,"type":"cond-expr","locations":[{"start":{"line":160,"column":12},"end":{"line":160,"column":32}},{"start":{"line":160,"column":37},"end":{"line":160,"column":57}}]},"23":{"line":161,"type":"if","locations":[{"start":{"line":161,"column":8},"end":{"line":161,"column":8}},{"start":{"line":161,"column":8},"end":{"line":161,"column":8}}]},"24":{"line":161,"type":"cond-expr","locations":[{"start":{"line":161,"column":12},"end":{"line":161,"column":35}},{"start":{"line":161,"column":40},"end":{"line":161,"column":76}}]},"25":{"line":162,"type":"if","locations":[{"start":{"line":162,"column":8},"end":{"line":162,"column":8}},{"start":{"line":162,"column":8},"end":{"line":162,"column":8}}]},"26":{"line":162,"type":"cond-expr","locations":[{"start":{"line":162,"column":12},"end":{"line":162,"column":40}},{"start":{"line":162,"column":45},"end":{"line":162,"column":90}}]}}},"contracts\\InterestRateModel.sol":{"l":{"13":0,"14":0,"22":0,"23":0,"24":0},"path":"D:\\Downloads\\mini-defi-main\\mini-defi-main\\contracts\\InterestRateModel.sol","s":{"1":0,"2":0,"3":0},"b":{"1":[0,0]},"f":{"1":0,"2":0},"fnMap":{"1":{"name":"constructor","line":12,"loc":{"start":{"line":12,"column":4},"end":{"line":15,"column":4}}},"2":{"name":"getBorrowRatePerSecond","line":19,"loc":{"start":{"line":19,"column":4},"end":{"line":25,"column":4}}}},"statementMap":{"1":{"start":{"line":22,"column":8},"end":{"line":22,"column":50}},"2":{"start":{"line":23,"column":8},"end":{"line":23,"column":63}},"3":{"start":{"line":24,"column":8},"end":{"line":24,"column":37}}},"branchMap":{"1":{"line":22,"type":"if","locations":[{"start":{"line":22,"column":8},"end":{"line":22,"column":8}},{"start":{"line":22,"column":8},"end":{"line":22,"column":8}}]}}},"contracts\\interfaces\\IInterestRateModel.sol":{"l":{},"path":"D:\\Downloads\\mini-defi-main\\mini-defi-main\\contracts\\interfaces\\IInterestRateModel.sol","s":{},"b":{},"f":{},"fnMap":{},"statementMap":{},"branchMap":{}},"contracts\\LendingPool.sol":{"l":{"59":3,"60":3,"66":4,"67":3,"69":1,"73":1,"74":0,"76":1,"80":3,"81":3,"82":3,"83":0,"87":2,"92":2,"93":2,"94":2,"95":2,"96":2,"100":5,"101":5,"103":3,"104":3,"106":2,"107":2,"108":2,"112":4,"114":4,"116":4,"117":4,"118":4,"119":4,"121":4,"123":4,"127":0,"129":0,"130":0,"132":0,"134":0,"136":0,"138":0,"139":0,"140":0,"141":0,"143":0,"145":0,"149":4,"151":4,"153":4,"154":4,"156":4,"157":4,"158":4,"160":2,"162":2,"163":2,"164":2,"166":2,"168":2,"172":0,"174":0,"175":0,"177":0,"178":0,"179":0,"181":0,"183":0,"184":0,"185":0,"187":0,"190":0,"191":0,"193":0,"195":0,"199":0,"201":0,"202":0,"203":0,"205":0,"206":0,"208":0,"210":0,"212":0,"216":1,"218":1,"220":1,"221":1,"222":1,"224":1,"226":1,"229":1,"230":1,"231":1,"232":1,"234":1,"237":1,"238":1,"239":0,"241":1,"243":1,"245":0,"246":0,"247":0,"248":0,"251":0,"252":0,"254":0,"260":5,"261":5,"263":1,"264":1,"266":1,"267":1,"269":1,"270":1,"271":1,"274":1,"278":2,"279":2,"281":2,"282":2,"283":2},"path":"D:\\Downloads\\mini-defi-main\\mini-defi-main\\contracts\\LendingPool.sol","s":{"1":4,"2":3,"3":1,"4":1,"5":0,"6":1,"7":3,"8":3,"9":0,"10":3,"11":3,"12":0,"13":2,"14":2,"15":2,"16":2,"17":2,"18":0,"19":2,"20":5,"21":5,"22":2,"23":3,"24":3,"25":1,"26":2,"27":2,"28":2,"29":4,"30":4,"31":4,"32":4,"33":0,"34":0,"35":0,"36":0,"37":0,"38":0,"39":0,"40":0,"41":4,"42":4,"43":4,"44":4,"45":4,"46":4,"47":4,"48":2,"49":2,"50":2,"51":0,"52":0,"53":0,"54":0,"55":0,"56":0,"57":0,"58":0,"59":0,"60":0,"61":0,"62":0,"63":0,"64":0,"65":0,"66":0,"67":0,"68":1,"69":1,"70":1,"71":1,"72":1,"73":1,"74":1,"75":1,"76":1,"77":1,"78":1,"79":1,"80":0,"81":0,"82":0,"83":5,"84":5,"85":4,"86":1,"87":1,"88":0,"89":1,"90":1,"91":1,"92":1,"93":2,"94":2,"95":0,"96":2,"97":2,"98":2},"b":{"1":[3,1],"2":[0,1],"3":[0,3],"4":[3,0],"5":[0,2],"6":[2,3],"7":[1,2],"8":[0,4],"9":[0,0],"10":[0,0],"11":[0,0],"12":[0,4],"13":[2,2],"14":[0,2],"15":[0,0],"16":[0,0],"17":[0,0],"18":[0,0],"19":[0,0],"20":[0,1],"21":[0,1],"22":[0,1],"23":[0,1],"24":[1,0],"25":[0,1],"26":[4,1],"27":[0,1],"28":[1,0],"29":[0,2]},"f":{"1":3,"2":4,"3":1,"4":3,"5":2,"6":2,"7":5,"8":4,"9":0,"10":4,"11":0,"12":0,"13":1,"14":5,"15":2},"fnMap":{"1":{"name":"constructor","line":58,"loc":{"start":{"line":58,"column":4},"end":{"line":61,"column":4}}},"2":{"name":"getSharesForAmount","line":65,"loc":{"start":{"line":65,"column":4},"end":{"line":70,"column":4}}},"3":{"name":"getAmountForShares","line":72,"loc":{"start":{"line":72,"column":4},"end":{"line":77,"column":4}}},"4":{"name":"utilization","line":79,"loc":{"start":{"line":79,"column":4},"end":{"line":84,"column":4}}},"5":{"name":"availableLiquidity","line":86,"loc":{"start":{"line":86,"column":4},"end":{"line":88,"column":4}}},"6":{"name":"maxBorrowable","line":91,"loc":{"start":{"line":91,"column":4},"end":{"line":97,"column":4}}},"7":{"name":"currentDebt","line":99,"loc":{"start":{"line":99,"column":4},"end":{"line":109,"column":4}}},"8":{"name":"deposit","line":111,"loc":{"start":{"line":111,"column":4},"end":{"line":124,"column":4}}},"9":{"name":"withdraw","line":126,"loc":{"start":{"line":126,"column":4},"end":{"line":146,"column":4}}},"10":{"name":"borrow","line":148,"loc":{"start":{"line":148,"column":4},"end":{"line":169,"column":4}}},"11":{"name":"repay","line":171,"loc":{"start":{"line":171,"column":4},"end":{"line":196,"column":4}}},"12":{"name":"repayAll","line":198,"loc":{"start":{"line":198,"column":4},"end":{"line":213,"column":4}}},"13":{"name":"liquidate","line":215,"loc":{"start":{"line":215,"column":4},"end":{"line":255,"column":4}}},"14":{"name":"_accrueInterest","line":259,"loc":{"start":{"line":259,"column":4},"end":{"line":275,"column":4}}},"15":{"name":"isHealthy","line":277,"loc":{"start":{"line":277,"column":4},"end":{"line":284,"column":4}}}},"statementMap":{"1":{"start":{"line":66,"column":8},"end":{"line":66,"column":2491}},"2":{"start":{"line":67,"column":12},"end":{"line":67,"column":25}},"3":{"start":{"line":69,"column":8},"end":{"line":69,"column":53}},"4":{"start":{"line":73,"column":8},"end":{"line":73,"column":2705}},"5":{"start":{"line":74,"column":12},"end":{"line":74,"column":26}},"6":{"start":{"line":76,"column":8},"end":{"line":76,"column":54}},"7":{"start":{"line":80,"column":8},"end":{"line":80,"column":59}},"8":{"start":{"line":81,"column":8},"end":{"line":81,"column":37}},"9":{"start":{"line":81,"column":29},"end":{"line":81,"column":37}},"10":{"start":{"line":82,"column":8},"end":{"line":82,"column":50}},"11":{"start":{"line":82,"column":39},"end":{"line":82,"column":50}},"12":{"start":{"line":83,"column":8},"end":{"line":83,"column":49}},"13":{"start":{"line":87,"column":8},"end":{"line":87,"column":45}},"14":{"start":{"line":92,"column":8},"end":{"line":92,"column":48}},"15":{"start":{"line":93,"column":8},"end":{"line":93,"column":79}},"16":{"start":{"line":94,"column":8},"end":{"line":94,"column":40}},"17":{"start":{"line":95,"column":8},"end":{"line":95,"column":41}},"18":{"start":{"line":95,"column":33},"end":{"line":95,"column":41}},"19":{"start":{"line":96,"column":8},"end":{"line":96,"column":33}},"20":{"start":{"line":100,"column":8},"end":{"line":100,"column":39}},"21":{"start":{"line":101,"column":8},"end":{"line":101,"column":38}},"22":{"start":{"line":101,"column":30},"end":{"line":101,"column":38}},"23":{"start":{"line":103,"column":8},"end":{"line":103,"column":55}},"24":{"start":{"line":104,"column":8},"end":{"line":104,"column":44}},"25":{"start":{"line":104,"column":26},"end":{"line":104,"column":44}},"26":{"start":{"line":106,"column":8},"end":{"line":106,"column":73}},"27":{"start":{"line":107,"column":8},"end":{"line":107,"column":78}},"28":{"start":{"line":108,"column":8},"end":{"line":108,"column":37}},"29":{"start":{"line":112,"column":8},"end":{"line":112,"column":44}},"30":{"start":{"line":114,"column":8},"end":{"line":114,"column":54}},"31":{"start":{"line":121,"column":8},"end":{"line":121,"column":64}},"32":{"start":{"line":123,"column":8},"end":{"line":123,"column":40}},"33":{"start":{"line":127,"column":8},"end":{"line":127,"column":44}},"34":{"start":{"line":129,"column":8},"end":{"line":129,"column":50}},"35":{"start":{"line":130,"column":8},"end":{"line":130,"column":62}},"36":{"start":{"line":132,"column":8},"end":{"line":132,"column":56}},"37":{"start":{"line":134,"column":8},"end":{"line":134,"column":64}},"38":{"start":{"line":136,"column":8},"end":{"line":136,"column":57}},"39":{"start":{"line":143,"column":8},"end":{"line":143,"column":45}},"40":{"start":{"line":145,"column":8},"end":{"line":145,"column":41}},"41":{"start":{"line":149,"column":8},"end":{"line":149,"column":44}},"42":{"start":{"line":151,"column":8},"end":{"line":151,"column":34}},"43":{"start":{"line":153,"column":8},"end":{"line":153,"column":46}},"44":{"start":{"line":154,"column":8},"end":{"line":154,"column":46}},"45":{"start":{"line":156,"column":8},"end":{"line":156,"column":54}},"46":{"start":{"line":157,"column":8},"end":{"line":157,"column":79}},"47":{"start":{"line":158,"column":8},"end":{"line":158,"column":63}},"48":{"start":{"line":160,"column":8},"end":{"line":160,"column":73}},"49":{"start":{"line":166,"column":8},"end":{"line":166,"column":45}},"50":{"start":{"line":168,"column":8},"end":{"line":168,"column":41}},"51":{"start":{"line":172,"column":8},"end":{"line":172,"column":44}},"52":{"start":{"line":174,"column":8},"end":{"line":174,"column":63}},"53":{"start":{"line":175,"column":8},"end":{"line":175,"column":34}},"54":{"start":{"line":177,"column":8},"end":{"line":177,"column":46}},"55":{"start":{"line":178,"column":8},"end":{"line":178,"column":34}},"56":{"start":{"line":179,"column":8},"end":{"line":179,"column":46}},"57":{"start":{"line":181,"column":8},"end":{"line":181,"column":59}},"58":{"start":{"line":184,"column":8},"end":{"line":184,"column":6317}},"59":{"start":{"line":190,"column":8},"end":{"line":190,"column":63}},"60":{"start":{"line":193,"column":8},"end":{"line":193,"column":69}},"61":{"start":{"line":195,"column":8},"end":{"line":195,"column":44}},"62":{"start":{"line":199,"column":8},"end":{"line":199,"column":34}},"63":{"start":{"line":201,"column":8},"end":{"line":201,"column":46}},"64":{"start":{"line":202,"column":8},"end":{"line":202,"column":34}},"65":{"start":{"line":203,"column":8},"end":{"line":203,"column":46}},"66":{"start":{"line":210,"column":8},"end":{"line":210,"column":62}},"67":{"start":{"line":212,"column":8},"end":{"line":212,"column":37}},"68":{"start":{"line":216,"column":8},"end":{"line":216,"column":49}},"69":{"start":{"line":218,"column":8},"end":{"line":218,"column":32}},"70":{"start":{"line":220,"column":8},"end":{"line":220,"column":44}},"71":{"start":{"line":221,"column":8},"end":{"line":221,"column":34}},"72":{"start":{"line":222,"column":8},"end":{"line":222,"column":46}},"73":{"start":{"line":224,"column":8},"end":{"line":224,"column":57}},"74":{"start":{"line":226,"column":8},"end":{"line":226,"column":69}},"75":{"start":{"line":229,"column":8},"end":{"line":229,"column":75}},"76":{"start":{"line":230,"column":8},"end":{"line":230,"column":49}},"77":{"start":{"line":231,"column":8},"end":{"line":231,"column":7662}},"78":{"start":{"line":234,"column":8},"end":{"line":234,"column":61}},"79":{"start":{"line":238,"column":8},"end":{"line":238,"column":7865}},"80":{"start":{"line":251,"column":8},"end":{"line":251,"column":69}},"81":{"start":{"line":252,"column":8},"end":{"line":252,"column":50}},"82":{"start":{"line":254,"column":8},"end":{"line":254,"column":71}},"83":{"start":{"line":260,"column":8},"end":{"line":260,"column":40}},"84":{"start":{"line":261,"column":8},"end":{"line":261,"column":36}},"85":{"start":{"line":261,"column":30},"end":{"line":261,"column":36}},"86":{"start":{"line":263,"column":8},"end":{"line":263,"column":55}},"87":{"start":{"line":264,"column":8},"end":{"line":264,"column":32}},"88":{"start":{"line":264,"column":26},"end":{"line":264,"column":32}},"89":{"start":{"line":266,"column":8},"end":{"line":266,"column":73}},"90":{"start":{"line":267,"column":8},"end":{"line":267,"column":78}},"91":{"start":{"line":269,"column":8},"end":{"line":269,"column":8812}},"92":{"start":{"line":271,"column":12},"end":{"line":271,"column":48}},"93":{"start":{"line":278,"column":8},"end":{"line":278,"column":40}},"94":{"start":{"line":279,"column":8},"end":{"line":279,"column":34}},"95":{"start":{"line":279,"column":23},"end":{"line":279,"column":34}},"96":{"start":{"line":281,"column":8},"end":{"line":281,"column":48}},"97":{"start":{"line":282,"column":8},"end":{"line":282,"column":79}},"98":{"start":{"line":283,"column":8},"end":{"line":283,"column":34}}},"branchMap":{"1":{"line":66,"type":"if","locations":[{"start":{"line":66,"column":8},"end":{"line":66,"column":8}},{"start":{"line":66,"column":8},"end":{"line":66,"column":8}}]},"2":{"line":73,"type":"if","locations":[{"start":{"line":73,"column":8},"end":{"line":73,"column":8}},{"start":{"line":73,"column":8},"end":{"line":73,"column":8}}]},"3":{"line":81,"type":"if","locations":[{"start":{"line":81,"column":8},"end":{"line":81,"column":8}},{"start":{"line":81,"column":8},"end":{"line":81,"column":8}}]},"4":{"line":82,"type":"if","locations":[{"start":{"line":82,"column":8},"end":{"line":82,"column":8}},{"start":{"line":82,"column":8},"end":{"line":82,"column":8}}]},"5":{"line":95,"type":"if","locations":[{"start":{"line":95,"column":8},"end":{"line":95,"column":8}},{"start":{"line":95,"column":8},"end":{"line":95,"column":8}}]},"6":{"line":101,"type":"if","locations":[{"start":{"line":101,"column":8},"end":{"line":101,"column":8}},{"start":{"line":101,"column":8},"end":{"line":101,"column":8}}]},"7":{"line":104,"type":"if","locations":[{"start":{"line":104,"column":8},"end":{"line":104,"column":8}},{"start":{"line":104,"column":8},"end":{"line":104,"column":8}}]},"8":{"line":112,"type":"if","locations":[{"start":{"line":112,"column":8},"end":{"line":112,"column":8}},{"start":{"line":112,"column":8},"end":{"line":112,"column":8}}]},"9":{"line":127,"type":"if","locations":[{"start":{"line":127,"column":8},"end":{"line":127,"column":8}},{"start":{"line":127,"column":8},"end":{"line":127,"column":8}}]},"10":{"line":130,"type":"if","locations":[{"start":{"line":130,"column":8},"end":{"line":130,"column":8}},{"start":{"line":130,"column":8},"end":{"line":130,"column":8}}]},"11":{"line":134,"type":"if","locations":[{"start":{"line":134,"column":8},"end":{"line":134,"column":8}},{"start":{"line":134,"column":8},"end":{"line":134,"column":8}}]},"12":{"line":149,"type":"if","locations":[{"start":{"line":149,"column":8},"end":{"line":149,"column":8}},{"start":{"line":149,"column":8},"end":{"line":149,"column":8}}]},"13":{"line":158,"type":"if","locations":[{"start":{"line":158,"column":8},"end":{"line":158,"column":8}},{"start":{"line":158,"column":8},"end":{"line":158,"column":8}}]},"14":{"line":160,"type":"if","locations":[{"start":{"line":160,"column":8},"end":{"line":160,"column":8}},{"start":{"line":160,"column":8},"end":{"line":160,"column":8}}]},"15":{"line":172,"type":"if","locations":[{"start":{"line":172,"column":8},"end":{"line":172,"column":8}},{"start":{"line":172,"column":8},"end":{"line":172,"column":8}}]},"16":{"line":179,"type":"if","locations":[{"start":{"line":179,"column":8},"end":{"line":179,"column":8}},{"start":{"line":179,"column":8},"end":{"line":179,"column":8}}]},"17":{"line":181,"type":"if","locations":[{"start":{"line":181,"column":46},"end":{"line":181,"column":49}},{"start":{"line":181,"column":53},"end":{"line":181,"column":58}}]},"18":{"line":184,"type":"if","locations":[{"start":{"line":184,"column":8},"end":{"line":184,"column":8}},{"start":{"line":184,"column":8},"end":{"line":184,"column":8}}]},"19":{"line":203,"type":"if","locations":[{"start":{"line":203,"column":8},"end":{"line":203,"column":8}},{"start":{"line":203,"column":8},"end":{"line":203,"column":8}}]},"20":{"line":216,"type":"if","locations":[{"start":{"line":216,"column":8},"end":{"line":216,"column":8}},{"start":{"line":216,"column":8},"end":{"line":216,"column":8}}]},"21":{"line":222,"type":"if","locations":[{"start":{"line":222,"column":8},"end":{"line":222,"column":8}},{"start":{"line":222,"column":8},"end":{"line":222,"column":8}}]},"22":{"line":224,"type":"if","locations":[{"start":{"line":224,"column":8},"end":{"line":224,"column":8}},{"start":{"line":224,"column":8},"end":{"line":224,"column":8}}]},"23":{"line":226,"type":"if","locations":[{"start":{"line":226,"column":51},"end":{"line":226,"column":54}},{"start":{"line":226,"column":58},"end":{"line":226,"column":68}}]},"24":{"line":231,"type":"if","locations":[{"start":{"line":231,"column":8},"end":{"line":231,"column":8}},{"start":{"line":231,"column":8},"end":{"line":231,"column":8}}]},"25":{"line":238,"type":"if","locations":[{"start":{"line":238,"column":8},"end":{"line":238,"column":8}},{"start":{"line":238,"column":8},"end":{"line":238,"column":8}}]},"26":{"line":261,"type":"if","locations":[{"start":{"line":261,"column":8},"end":{"line":261,"column":8}},{"start":{"line":261,"column":8},"end":{"line":261,"column":8}}]},"27":{"line":264,"type":"if","locations":[{"start":{"line":264,"column":8},"end":{"line":264,"column":8}},{"start":{"line":264,"column":8},"end":{"line":264,"column":8}}]},"28":{"line":269,"type":"if","locations":[{"start":{"line":269,"column":8},"end":{"line":269,"column":8}},{"start":{"line":269,"column":8},"end":{"line":269,"column":8}}]},"29":{"line":279,"type":"if","locations":[{"start":{"line":279,"column":8},"end":{"line":279,"column":8}},{"start":{"line":279,"column":8},"end":{"line":279,"column":8}}]}}},"contracts\\LendingPoolFactory.sol":{"l":{"29":3,"30":1,"33":2,"37":2,"38":2,"39":2},"path":"D:\\Downloads\\mini-defi-main\\mini-defi-main\\contracts\\LendingPoolFactory.sol","s":{"1":3,"2":2,"3":2},"b":{"1":[1,2]},"f":{"1":3},"fnMap":{"1":{"name":"createPool","line":25,"loc":{"start":{"line":25,"column":4},"end":{"line":44,"column":4}}}},"statementMap":{"1":{"start":{"line":29,"column":8},"end":{"line":29,"column":845}},"2":{"start":{"line":33,"column":8},"end":{"line":33,"column":945}},"3":{"start":{"line":39,"column":8},"end":{"line":39,"column":1122}}},"branchMap":{"1":{"line":29,"type":"if","locations":[{"start":{"line":29,"column":8},"end":{"line":29,"column":8}},{"start":{"line":29,"column":8},"end":{"line":29,"column":8}}]}}},"contracts\\MockERC20.sol":{"l":{"14":3},"path":"D:\\Downloads\\mini-defi-main\\mini-defi-main\\contracts\\MockERC20.sol","s":{"1":3},"b":{"1":[3,0]},"f":{"1":2,"2":3},"fnMap":{"1":{"name":"constructor","line":11,"loc":{"start":{"line":8,"column":4},"end":{"line":11,"column":49}}},"2":{"name":"mint","line":13,"loc":{"start":{"line":13,"column":4},"end":{"line":15,"column":4}}}},"statementMap":{"1":{"start":{"line":14,"column":8},"end":{"line":14,"column":24}}},"branchMap":{"1":{"line":13,"type":"if","locations":[{"start":{"line":13,"column":55},"end":{"line":13,"column":55}},{"start":{"line":13,"column":55},"end":{"line":13,"column":55}}]}}},"contracts\\test\\MockLendingPool.sol":{"l":{"8":0,"12":5},"path":"D:\\Downloads\\mini-defi-main\\mini-defi-main\\contracts\\test\\MockLendingPool.sol","s":{"1":0},"b":{},"f":{"1":0,"2":5},"fnMap":{"1":{"name":"utilization","line":7,"loc":{"start":{"line":7,"column":4},"end":{"line":9,"column":4}}},"2":{"name":"setUtilization","line":11,"loc":{"start":{"line":11,"column":4},"end":{"line":13,"column":4}}}},"statementMap":{"1":{"start":{"line":8,"column":8},"end":{"line":8,"column":33}}},"branchMap":{}}}