TN:
SF:D:\Downloads\mini-defi-main\mini-defi-main\contracts\governance\RateGovernor.sol
FN:34,constructor
FN:38,proposalCount
FN:42,getProposal
FN:46,setMinDelay
FN:53,queueUpdate
FN:75,cancel
FN:82,execute
FNF:7
FNH:4
FNDA:2,constructor
FNDA:0,proposalCount
FNDA:0,getProposal
FNDA:0,setMinDelay
FNDA:3,queueUpdate
FNDA:1,cancel
FNDA:4,execute
DA:35,2
DA:39,0
DA:43,0
DA:47,0
DA:48,0
DA:56,3
DA:58,3
DA:59,3
DA:60,0
DA:63,3
DA:64,3
DA:72,3
DA:76,1
DA:77,1
DA:78,1
DA:79,1
DA:83,4
DA:84,4
DA:85,3
DA:87,2
DA:88,2
DA:90,2
LF:22
LH:17
BRDA:46,1,0,0
BRDA:46,1,1,0
BRDA:53,2,0,3
BRDA:53,2,1,0
BRDA:56,3,0,0
BRDA:56,3,1,3
BRDA:59,4,0,0
BRDA:59,4,1,3
BRDA:75,5,0,1
BRDA:75,5,1,0
BRDA:77,6,0,0
BRDA:77,6,1,1
BRDA:77,7,0,0
BRDA:77,7,1,0
BRDA:84,8,0,1
BRDA:84,8,1,3
BRDA:84,9,0,0
BRDA:84,9,1,1
BRDA:85,10,0,1
BRDA:85,10,1,2
BRF:20
BRH:10
end_of_record
TN:
SF:D:\Downloads\mini-defi-main\mini-defi-main\contracts\interest\ExponentialInterestRateModel.sol
FN:18,constructor
FN:23,getBorrowRatePerSecond
FN:33,updateBorrowRate
FN:35,setParams
FN:39,_setParams
FN:57,exp1e18
FNF:6
FNH:5
FNDA:1,constructor
FNDA:4,getBorrowRatePerSecond
FNDA:0,updateBorrowRate
FNDA:4,setParams
FNDA:5,_setParams
FNDA:4,exp1e18
DA:20,1
DA:24,4
DA:27,4
DA:28,4
DA:29,4
DA:30,4
DA:36,4
DA:40,5
DA:41,4
DA:42,3
DA:44,2
DA:45,2
DA:46,2
DA:48,2
DA:58,4
DA:60,4
DA:61,4
DA:63,4
DA:64,4
DA:66,4
DA:67,4
DA:69,4
DA:70,4
DA:72,4
DA:73,4
DA:75,4
DA:76,4
DA:78,4
LF:28
LH:28
BRDA:24,1,0,1
BRDA:24,1,1,3
BRDA:35,2,0,4
BRDA:35,2,1,1
BRDA:40,3,0,4
BRDA:40,3,1,1
BRDA:41,4,0,3
BRDA:41,4,1,1
BRDA:42,5,0,2
BRDA:42,5,1,1
BRDA:58,6,0,4
BRDA:58,6,1,0
BRF:12
BRH:11
end_of_record
TN:
SF:D:\Downloads\mini-defi-main\mini-defi-main\contracts\interest\KinkInterestRateModel.sol
FN:24,constructor
FN:28,getBorrowRatePerSecond
FN:42,updateBorrowRate
FN:49,setParams
FN:53,_setParams
FNF:5
FNH:4
FNDA:1,constructor
FNDA:5,getBorrowRatePerSecond
FNDA:0,updateBorrowRate
FNDA:1,setParams
FNDA:2,_setParams
DA:25,1
DA:29,5
DA:31,5
DA:32,5
DA:33,2
DA:35,3
DA:36,3
DA:37,3
DA:39,5
DA:50,1
DA:59,2
DA:60,2
DA:61,2
DA:62,2
DA:64,2
DA:65,2
DA:66,2
DA:67,2
DA:69,2
LF:19
LH:19
BRDA:29,1,0,1
BRDA:29,1,1,4
BRDA:32,2,0,2
BRDA:32,2,1,3
BRDA:49,3,0,1
BRDA:49,3,1,1
BRDA:59,4,0,2
BRDA:59,4,1,0
BRDA:60,5,0,2
BRDA:60,5,1,0
BRDA:61,6,0,2
BRDA:61,6,1,0
BRDA:62,7,0,2
BRDA:62,7,1,0
BRF:14
BRH:10
end_of_record
TN:
SF:D:\Downloads\mini-defi-main\mini-defi-main\contracts\interest\LinearInterestRateModel.sol
FN:16,constructor
FN:20,getBorrowRatePerSecond
FN:26,updateBorrowRate
FN:28,setAPR
FN:32,_setAPR
FNF:5
FNH:4
FNDA:3,constructor
FNDA:3,getBorrowRatePerSecond
FNDA:0,updateBorrowRate
FNDA:2,setAPR
FNDA:5,_setAPR
DA:17,3
DA:21,3
DA:22,3
DA:23,3
DA:29,2
DA:33,5
DA:34,5
DA:35,5
DA:36,5
DA:37,5
LF:10
LH:10
BRDA:21,1,0,0
BRDA:21,1,1,3
BRDA:28,2,0,2
BRDA:28,2,1,0
BRDA:33,3,0,5
BRDA:33,3,1,0
BRDA:34,4,0,5
BRDA:34,4,1,0
BRF:8
BRH:4
end_of_record
TN:
SF:D:\Downloads\mini-defi-main\mini-defi-main\contracts\interest\TimeWeightedInterestRateModel.sol
FN:51,constructor
FN:65,setPool
FN:73,getBorrowRatePerSecond
FN:78,updateBorrowRate
FN:93,setParameters
FN:108,_adjust
FN:151,_setParameters
FNF:7
FNH:5
FNDA:2,constructor
FNDA:1,setPool
FNDA:0,getBorrowRatePerSecond
FNDA:6,updateBorrowRate
FNDA:1,setParameters
FNDA:0,_adjust
FNDA:3,_setParameters
DA:52,2
DA:60,2
DA:61,2
DA:66,1
DA:67,1
DA:68,1
DA:69,1
DA:70,1
DA:74,0
DA:75,0
DA:79,6
DA:80,6
DA:82,0
DA:83,0
DA:94,1
DA:104,1
DA:105,1
DA:109,0
DA:110,0
DA:111,0
DA:113,0
DA:115,0
DA:116,0
DA:117,0
DA:118,0
DA:119,0
DA:121,0
DA:122,0
DA:123,0
DA:124,0
DA:125,0
DA:127,0
DA:130,0
DA:131,0
DA:132,0
DA:133,0
DA:134,0
DA:136,0
DA:137,0
DA:138,0
DA:139,0
DA:143,0
DA:144,0
DA:146,0
DA:147,0
DA:148,0
DA:159,3
DA:160,3
DA:161,3
DA:162,3
DA:163,0
DA:166,3
DA:167,3
DA:168,3
DA:169,3
DA:170,3
DA:171,3
DA:173,3
LF:58
LH:24
BRDA:66,1,0,0
BRDA:66,1,1,1
BRDA:67,2,0,1
BRDA:67,2,1,0
BRDA:74,3,0,0
BRDA:74,3,1,0
BRDA:79,4,0,0
BRDA:79,4,1,6
BRDA:80,5,0,6
BRDA:80,5,1,0
BRDA:93,6,0,1
BRDA:93,6,1,1
BRDA:104,7,0,0
BRDA:104,7,1,1
BRDA:105,8,0,0
BRDA:105,8,1,1
BRDA:111,9,0,0
BRDA:111,9,1,0
BRDA:115,10,0,0
BRDA:115,10,1,0
BRDA:120,11,0,0
BRDA:120,11,1,0
BRDA:124,12,0,0
BRDA:124,12,1,0
BRDA:124,13,0,0
BRDA:124,13,1,0
BRDA:130,14,0,0
BRDA:130,14,1,0
BRDA:133,15,0,0
BRDA:133,15,1,0
BRDA:135,16,0,0
BRDA:135,16,1,0
BRDA:138,17,0,0
BRDA:138,17,1,0
BRDA:143,18,0,0
BRDA:143,18,1,0
BRDA:144,19,0,0
BRDA:144,19,1,0
BRDA:159,20,0,0
BRDA:159,20,1,3
BRDA:160,21,0,0
BRDA:160,21,1,3
BRDA:160,22,0,0
BRDA:160,22,1,0
BRDA:161,23,0,0
BRDA:161,23,1,3
BRDA:161,24,0,0
BRDA:161,24,1,0
BRDA:162,25,0,0
BRDA:162,25,1,3
BRDA:162,26,0,0
BRDA:162,26,1,0
BRF:52
BRH:12
end_of_record
TN:
SF:D:\Downloads\mini-defi-main\mini-defi-main\contracts\InterestRateModel.sol
FN:12,constructor
FN:19,getBorrowRatePerSecond
FNF:2
FNH:0
FNDA:0,constructor
FNDA:0,getBorrowRatePerSecond
DA:13,0
DA:14,0
DA:22,0
DA:23,0
DA:24,0
LF:5
LH:0
BRDA:22,1,0,0
BRDA:22,1,1,0
BRF:2
BRH:0
end_of_record
TN:
SF:D:\Downloads\mini-defi-main\mini-defi-main\contracts\interfaces\IInterestRateModel.sol
FNF:0
FNH:0
LF:0
LH:0
BRF:0
BRH:0
end_of_record
TN:
SF:D:\Downloads\mini-defi-main\mini-defi-main\contracts\LendingPool.sol
FN:58,constructor
FN:65,getSharesForAmount
FN:72,getAmountForShares
FN:79,utilization
FN:86,availableLiquidity
FN:91,maxBorrowable
FN:99,currentDebt
FN:111,deposit
FN:126,withdraw
FN:148,borrow
FN:171,repay
FN:198,repayAll
FN:215,liquidate
FN:259,_accrueInterest
FN:277,isHealthy
FNF:15
FNH:12
FNDA:3,constructor
FNDA:4,getSharesForAmount
FNDA:1,getAmountForShares
FNDA:3,utilization
FNDA:2,availableLiquidity
FNDA:2,maxBorrowable
FNDA:5,currentDebt
FNDA:4,deposit
FNDA:0,withdraw
FNDA:4,borrow
FNDA:0,repay
FNDA:0,repayAll
FNDA:1,liquidate
FNDA:5,_accrueInterest
FNDA:2,isHealthy
DA:59,3
DA:60,3
DA:66,4
DA:67,3
DA:69,1
DA:73,1
DA:74,0
DA:76,1
DA:80,3
DA:81,3
DA:82,3
DA:83,0
DA:87,2
DA:92,2
DA:93,2
DA:94,2
DA:95,2
DA:96,2
DA:100,5
DA:101,5
DA:103,3
DA:104,3
DA:106,2
DA:107,2
DA:108,2
DA:112,4
DA:114,4
DA:116,4
DA:117,4
DA:118,4
DA:119,4
DA:121,4
DA:123,4
DA:127,0
DA:129,0
DA:130,0
DA:132,0
DA:134,0
DA:136,0
DA:138,0
DA:139,0
DA:140,0
DA:141,0
DA:143,0
DA:145,0
DA:149,4
DA:151,4
DA:153,4
DA:154,4
DA:156,4
DA:157,4
DA:158,4
DA:160,2
DA:162,2
DA:163,2
DA:164,2
DA:166,2
DA:168,2
DA:172,0
DA:174,0
DA:175,0
DA:177,0
DA:178,0
DA:179,0
DA:181,0
DA:183,0
DA:184,0
DA:185,0
DA:187,0
DA:190,0
DA:191,0
DA:193,0
DA:195,0
DA:199,0
DA:201,0
DA:202,0
DA:203,0
DA:205,0
DA:206,0
DA:208,0
DA:210,0
DA:212,0
DA:216,1
DA:218,1
DA:220,1
DA:221,1
DA:222,1
DA:224,1
DA:226,1
DA:229,1
DA:230,1
DA:231,1
DA:232,1
DA:234,1
DA:237,1
DA:238,1
DA:239,0
DA:241,1
DA:243,1
DA:245,0
DA:246,0
DA:247,0
DA:248,0
DA:251,0
DA:252,0
DA:254,0
DA:260,5
DA:261,5
DA:263,1
DA:264,1
DA:266,1
DA:267,1
DA:269,1
DA:270,1
DA:271,1
DA:274,1
DA:278,2
DA:279,2
DA:281,2
DA:282,2
DA:283,2
LF:121
LH:75
BRDA:66,1,0,3
BRDA:66,1,1,1
BRDA:73,2,0,0
BRDA:73,2,1,1
BRDA:81,3,0,0
BRDA:81,3,1,3
BRDA:82,4,0,3
BRDA:82,4,1,0
BRDA:95,5,0,0
BRDA:95,5,1,2
BRDA:101,6,0,2
BRDA:101,6,1,3
BRDA:104,7,0,1
BRDA:104,7,1,2
BRDA:112,8,0,0
BRDA:112,8,1,4
BRDA:127,9,0,0
BRDA:127,9,1,0
BRDA:130,10,0,0
BRDA:130,10,1,0
BRDA:134,11,0,0
BRDA:134,11,1,0
BRDA:149,12,0,0
BRDA:149,12,1,4
BRDA:158,13,0,2
BRDA:158,13,1,2
BRDA:160,14,0,0
BRDA:160,14,1,2
BRDA:172,15,0,0
BRDA:172,15,1,0
BRDA:179,16,0,0
BRDA:179,16,1,0
BRDA:181,17,0,0
BRDA:181,17,1,0
BRDA:184,18,0,0
BRDA:184,18,1,0
BRDA:203,19,0,0
BRDA:203,19,1,0
BRDA:216,20,0,0
BRDA:216,20,1,1
BRDA:222,21,0,0
BRDA:222,21,1,1
BRDA:224,22,0,0
BRDA:224,22,1,1
BRDA:226,23,0,0
BRDA:226,23,1,1
BRDA:231,24,0,1
BRDA:231,24,1,0
BRDA:238,25,0,0
BRDA:238,25,1,1
BRDA:261,26,0,4
BRDA:261,26,1,1
BRDA:264,27,0,0
BRDA:264,27,1,1
BRDA:269,28,0,1
BRDA:269,28,1,0
BRDA:279,29,0,0
BRDA:279,29,1,2
BRF:58
BRH:26
end_of_record
TN:
SF:D:\Downloads\mini-defi-main\mini-defi-main\contracts\LendingPoolFactory.sol
FN:25,createPool
FNF:1
FNH:1
FNDA:3,createPool
DA:29,3
DA:30,1
DA:33,2
DA:37,2
DA:38,2
DA:39,2
LF:6
LH:6
BRDA:29,1,0,1
BRDA:29,1,1,2
BRF:2
BRH:2
end_of_record
TN:
SF:D:\Downloads\mini-defi-main\mini-defi-main\contracts\MockERC20.sol
FN:11,constructor
FN:13,mint
FNF:2
FNH:2
FNDA:2,constructor
FNDA:3,mint
DA:14,3
LF:1
LH:1
BRDA:13,1,0,3
BRDA:13,1,1,0
BRF:2
BRH:1
end_of_record
TN:
SF:D:\Downloads\mini-defi-main\mini-defi-main\contracts\test\MockLendingPool.sol
FN:7,utilization
FN:11,setUtilization
FNF:2
FNH:1
FNDA:0,utilization
FNDA:5,setUtilization
DA:8,0
DA:12,5
LF:2
LH:1
BRF:0
BRH:0
end_of_record
